 
****************************************
Report : area
Design : SHA2
Version: O-2018.06
Date   : Wed Aug 30 16:43:28 2023
****************************************

Library(s) Used:

    slow (File: /usr/cad/CBDK/CBDK_IC_Contest_v2.1/SynopsysDC/db/slow.db)

Number of ports:                         2233
Number of nets:                         10684
Number of cells:                         8035
Number of combinational cells:           7167
Number of sequential cells:               856
Number of macros/black boxes:               0
Number of buf/inv:                       1248
Number of references:                     142

Combinational area:              73853.873151
Buf/Inv area:                    11114.575256
Noncombinational area:           30128.849854
Macro/Black Box area:                0.000000
Net Interconnect area:          969644.894409

Total cell area:                103982.723005
Total area:                    1073627.617414
1
