Loading db file '/usr/cad/CBDK/CBDK_IC_Contest_v2.1/SynopsysDC/db/slow.db'
Information: Propagating switching activity (low effort zero delay simulation). (PWR-6)
Warning: Design has unannotated primary inputs. (PWR-414)
Warning: Design has unannotated sequential cell outputs. (PWR-415)
 
****************************************
Report : power
        -analysis_effort low
Design : SHA1
Version: O-2018.06
Date   : Wed Aug 30 14:35:14 2023
****************************************


Library(s) Used:

    slow (File: /usr/cad/CBDK/CBDK_IC_Contest_v2.1/SynopsysDC/db/slow.db)


Operating Conditions: slow   Library: slow
Wire Load Model Mode: top

Design        Wire Load Model            Library
------------------------------------------------
SHA1                   tsmc13_wl10       slow


Global Operating Voltage = 1.08 
Power-specific unit information :
    Voltage Units = 1V
    Capacitance Units = 1.000000pf
    Time Units = 1ns
    Dynamic Power Units = 1mW    (derived from V,C,T units)
    Leakage Power Units = 1pW


  Cell Internal Power  =   4.7343 mW   (51%)
  Net Switching Power  =   4.4792 mW   (49%)
                         ---------
Total Dynamic Power    =   9.2136 mW  (100%)

Cell Leakage Power     =  90.6166 uW


                 Internal         Switching           Leakage            Total
Power Group      Power            Power               Power              Power   (   %    )  Attrs
--------------------------------------------------------------------------------------------------
io_pad             0.0000            0.0000            0.0000            0.0000  (   0.00%)
memory             0.0000            0.0000            0.0000            0.0000  (   0.00%)
black_box          0.0000            0.0000            0.0000            0.0000  (   0.00%)
clock_network      0.0000            0.0000            0.0000            0.0000  (   0.00%)
register           3.1632            0.6484        2.4999e+07            3.8366  (  41.24%)
sequential         0.0000            0.0000            0.0000            0.0000  (   0.00%)
combinational      1.5711            3.8308        6.5618e+07            5.4676  (  58.76%)
--------------------------------------------------------------------------------------------------
Total              4.7343 mW         4.4792 mW     9.0617e+07 pW         9.3042 mW
1
